<?xml version="1.0" encoding="UTF-8"?>
<testsuite xmlns:xsi="http://www.w3.org/2001/XMLSchema-instance" xsi:noNamespaceSchemaLocation="https://maven.apache.org/surefire/maven-surefire-plugin/xsd/surefire-test-report-3.0.xsd" version="3.0" name="TestSuite" time="247.398" tests="5" errors="0" skipped="0" failures="0">
  <properties>
[...]
</properties>
  <testcase name="verifyPageUrl" classname="Tests.HomePageTest" time="0.628">
    <system-out><![CDATA[[INFO ] 2024-03-04 10:04:42.004 Utility.Log:13-Cookies Text is :We use cookies and services to understand how you use our site and to improve your browsing experience. By clicking "Accept Cookies" or closing this banner, you agree to the storing of cookies on your device. To find out more, please view our Privacy Policy.
[INFO ] 2024-03-04 10:04:42.065 Utility.Log:13-Click on Accept Cookies
[INFO ] 2024-03-04 10:04:42.070 Utility.Log:13-Url of Home page is :https://www.entrata.com/
[INFO ] 2024-03-04 10:04:42.070 Utility.Log:13-Verify for Url
]]></system-out>
    <system-err><![CDATA[SLF4J: Failed to load class "org.slf4j.impl.StaticLoggerBinder".
SLF4J: Defaulting to no-operation (NOP) logger implementation
SLF4J: See http://www.slf4j.org/codes.html#StaticLoggerBinder for further details.
ERROR StatusConsoleListener Unable to locate appender "ROLLINGFILE" for logger config "entrata"
]]></system-err>
  </testcase>
  <testcase name="verifyAllThePageLinks" classname="Tests.HomePageTest" time="35.423">
    <system-out><![CDATA[[INFO ] 2024-03-04 10:04:42.076 Utility.Log:13-****************Verify for all links(active and broken) in the page *******************
[INFO ] 2024-03-04 10:04:42.106 Utility.Log:13-Broken link found: / [Status Code: -1]
[INFO ] 2024-03-04 10:04:42.120 Utility.Log:13-Broken link found: /products/property-management [Status Code: -1]
[INFO ] 2024-03-04 10:04:42.121 Utility.Log:13-Broken link found: /products/residentpay [Status Code: -1]
[INFO ] 2024-03-04 10:04:42.127 Utility.Log:13-Broken link found: /products/residentportal [Status Code: -1]
[INFO ] 2024-03-04 10:04:42.127 Utility.Log:13-Broken link found: /products/BI [Status Code: -1]
[INFO ] 2024-03-04 10:04:42.138 Utility.Log:13-Broken link found: /products/revenue-management [Status Code: -1]
[INFO ] 2024-03-04 10:04:42.143 Utility.Log:13-Broken link found: /products/srm [Status Code: -1]
[INFO ] 2024-03-04 10:04:42.143 Utility.Log:13-Broken link found: /products/access-connect [Status Code: -1]
[INFO ] 2024-03-04 10:04:42.148 Utility.Log:13-Broken link found: /products/message-center [Status Code: -1]
[INFO ] 2024-03-04 10:04:42.156 Utility.Log:13-Broken link found: /products/facility-management [Status Code: -1]
[INFO ] 2024-03-04 10:04:42.157 Utility.Log:13-Broken link found: /products/reporting [Status Code: -1]
[INFO ] 2024-03-04 10:04:42.163 Utility.Log:13-Broken link found: /products/sitetablet [Status Code: -1]
[INFO ] 2024-03-04 10:04:42.168 Utility.Log:13-Broken link found: /products/business-consulting [Status Code: -1]
[INFO ] 2024-03-04 10:04:42.172 Utility.Log:13-Broken link found: /training [Status Code: -1]
[INFO ] 2024-03-04 10:04:42.177 Utility.Log:13-Broken link found: /products/marketing-and-leasing [Status Code: -1]
[INFO ] 2024-03-04 10:04:42.181 Utility.Log:13-Broken link found: /products/prospectportal [Status Code: -1]
[INFO ] 2024-03-04 10:04:42.181 Utility.Log:13-Broken link found: /products/rent-reporting [Status Code: -1]
[INFO ] 2024-03-04 10:04:42.188 Utility.Log:13-Broken link found: /products/renters-insurance [Status Code: -1]
[INFO ] 2024-03-04 10:04:42.195 Utility.Log:13-Broken link found: /products/leadmanager [Status Code: -1]
[INFO ] 2024-03-04 10:04:42.196 Utility.Log:13-Broken link found: /products/digital-marketing [Status Code: -1]
[INFO ] 2024-03-04 10:04:42.202 Utility.Log:13-Broken link found: /products/marketing-strategy [Status Code: -1]
[INFO ] 2024-03-04 10:04:42.204 Utility.Log:13-Broken link found: /products/reputationadvisor [Status Code: -1]
[INFO ] 2024-03-04 10:04:42.208 Utility.Log:13-Broken link found: /products/resident-services [Status Code: -1]
[INFO ] 2024-03-04 10:04:42.211 Utility.Log:13-Broken link found: /products/deposit-alternative [Status Code: -1]
[INFO ] 2024-03-04 10:04:42.215 Utility.Log:13-Broken link found: /products/residentverify [Status Code: -1]
[INFO ] 2024-03-04 10:04:42.220 Utility.Log:13-Broken link found: /products/preciseID [Status Code: -1]
[INFO ] 2024-03-04 10:04:42.228 Utility.Log:13-Broken link found: /products/verification-of-income [Status Code: -1]
[INFO ] 2024-03-04 10:04:42.232 Utility.Log:13-Broken link found: /products/leasing-center [Status Code: -1]
[INFO ] 2024-03-04 10:04:42.237 Utility.Log:13-Broken link found: /products/accounting [Status Code: -1]
[INFO ] 2024-03-04 10:04:42.240 Utility.Log:13-Broken link found: /products/general-accounting [Status Code: -1]
[INFO ] 2024-03-04 10:04:42.240 Utility.Log:13-Broken link found: /products/budgeting [Status Code: -1]
[INFO ] 2024-03-04 10:04:42.240 Utility.Log:13-Broken link found: /products/job-costing [Status Code: -1]
[INFO ] 2024-03-04 10:04:42.250 Utility.Log:13-Broken link found: /products/billpay [Status Code: -1]
[INFO ] 2024-03-04 10:04:42.255 Utility.Log:13-Broken link found: /products/utilities [Status Code: -1]
[INFO ] 2024-03-04 10:04:42.257 Utility.Log:13-Broken link found: /products/residentutility [Status Code: -1]
[INFO ] 2024-03-04 10:04:42.261 Utility.Log:13-Broken link found: /products/utility-expense-management [Status Code: -1]
[INFO ] 2024-03-04 10:04:42.265 Utility.Log:13-Broken link found: /products/utility-procurement [Status Code: -1]
[INFO ] 2024-03-04 10:04:42.271 Utility.Log:13-Broken link found: /products/sales-tax-audits [Status Code: -1]
[INFO ] 2024-03-04 10:04:42.274 Utility.Log:13-Broken link found: /products/sustainable-energy-management [Status Code: -1]
[INFO ] 2024-03-04 10:04:42.274 Utility.Log:13-Broken link found: /operating-system [Status Code: -1]
[INFO ] 2024-03-04 10:04:42.274 Utility.Log:13-Broken link found: /solutions-overview [Status Code: -1]
[INFO ] 2024-03-04 10:04:42.284 Utility.Log:13-Broken link found: /multifamily [Status Code: -1]
[INFO ] 2024-03-04 10:04:42.287 Utility.Log:13-Broken link found: /student [Status Code: -1]
[INFO ] 2024-03-04 10:04:42.287 Utility.Log:13-Broken link found: /affordable [Status Code: -1]
[INFO ] 2024-03-04 10:04:42.295 Utility.Log:13-Broken link found: /military [Status Code: -1]
[INFO ] 2024-03-04 10:04:42.295 Utility.Log:13-Broken link found: /commercial [Status Code: -1]
[INFO ] 2024-03-04 10:04:42.303 Utility.Log:13-Broken link found: /products/resident-services [Status Code: -1]
[INFO ] 2024-03-04 10:04:42.303 Utility.Log:13-Broken link found: /resources [Status Code: -1]
[INFO ] 2024-03-04 10:04:42.311 Utility.Log:13-Broken link found: /resources [Status Code: -1]
[INFO ] 2024-03-04 10:04:42.311 Utility.Log:13-Broken link found: /resources [Status Code: -1]
[INFO ] 2024-03-04 10:04:42.319 Utility.Log:13-Broken link found: /resources [Status Code: -1]
[INFO ] 2024-03-04 10:04:42.321 Utility.Log:13-Broken link found: /blog/ [Status Code: -1]
[INFO ] 2024-03-04 10:04:43.632 Utility.Log:13-*****Link is working fine: https://basecamp.entrata.com
[INFO ] 2024-03-04 10:04:46.129 Utility.Log:13-*****Link is working fine: https://go.entrata.com/watch-demo.html
[INFO ] 2024-03-04 10:04:46.129 Utility.Log:13-Broken link found: /sign-in [Status Code: -1]
[INFO ] 2024-03-04 10:04:46.142 Utility.Log:13-Broken link found: /products/property-management [Status Code: -1]
[INFO ] 2024-03-04 10:04:46.142 Utility.Log:13-Broken link found: /products/residentpay [Status Code: -1]
[INFO ] 2024-03-04 10:04:46.150 Utility.Log:13-Broken link found: /products/residentportal [Status Code: -1]
[INFO ] 2024-03-04 10:04:46.153 Utility.Log:13-Broken link found: /products/BI [Status Code: -1]
[INFO ] 2024-03-04 10:04:46.159 Utility.Log:13-Broken link found: /products/revenue-management [Status Code: -1]
[INFO ] 2024-03-04 10:04:46.163 Utility.Log:13-Broken link found: /products/srm [Status Code: -1]
[INFO ] 2024-03-04 10:04:46.163 Utility.Log:13-Broken link found: /products/access-connect [Status Code: -1]
[INFO ] 2024-03-04 10:04:46.170 Utility.Log:13-Broken link found: /products/message-center [Status Code: -1]
[INFO ] 2024-03-04 10:04:46.174 Utility.Log:13-Broken link found: /products/facility-management [Status Code: -1]
[INFO ] 2024-03-04 10:04:46.177 Utility.Log:13-Broken link found: /products/reporting [Status Code: -1]
[INFO ] 2024-03-04 10:04:46.180 Utility.Log:13-Broken link found: /products/sitetablet [Status Code: -1]
[INFO ] 2024-03-04 10:04:46.184 Utility.Log:13-Broken link found: /products/business-consulting [Status Code: -1]
[INFO ] 2024-03-04 10:04:46.187 Utility.Log:13-Broken link found: /training [Status Code: -1]
[INFO ] 2024-03-04 10:04:46.193 Utility.Log:13-Broken link found: /products/marketing-and-leasing [Status Code: -1]
[INFO ] 2024-03-04 10:04:46.195 Utility.Log:13-Broken link found: /products/prospectportal [Status Code: -1]
[INFO ] 2024-03-04 10:04:46.200 Utility.Log:13-Broken link found: /products/rent-reporting [Status Code: -1]
[INFO ] 2024-03-04 10:04:46.206 Utility.Log:13-Broken link found: /products/renters-insurance [Status Code: -1]
[INFO ] 2024-03-04 10:04:46.207 Utility.Log:13-Broken link found: /products/leadmanager [Status Code: -1]
[INFO ] 2024-03-04 10:04:46.214 Utility.Log:13-Broken link found: /products/digital-marketing [Status Code: -1]
[INFO ] 2024-03-04 10:04:46.217 Utility.Log:13-Broken link found: /products/marketing-strategy [Status Code: -1]
[INFO ] 2024-03-04 10:04:46.221 Utility.Log:13-Broken link found: /products/reputationadvisor [Status Code: -1]
[INFO ] 2024-03-04 10:04:46.223 Utility.Log:13-Broken link found: /products/resident-services [Status Code: -1]
[INFO ] 2024-03-04 10:04:46.227 Utility.Log:13-Broken link found: /products/deposit-alternative [Status Code: -1]
[INFO ] 2024-03-04 10:04:46.231 Utility.Log:13-Broken link found: /products/residentverify [Status Code: -1]
[INFO ] 2024-03-04 10:04:46.233 Utility.Log:13-Broken link found: /products/preciseID [Status Code: -1]
[INFO ] 2024-03-04 10:04:46.237 Utility.Log:13-Broken link found: /products/verification-of-income [Status Code: -1]
[INFO ] 2024-03-04 10:04:46.240 Utility.Log:13-Broken link found: /products/leasing-center [Status Code: -1]
[INFO ] 2024-03-04 10:04:46.240 Utility.Log:13-Broken link found: /products/accounting [Status Code: -1]
[INFO ] 2024-03-04 10:04:46.240 Utility.Log:13-Broken link found: /products/general-accounting [Status Code: -1]
[INFO ] 2024-03-04 10:04:46.253 Utility.Log:13-Broken link found: /products/budgeting [Status Code: -1]
[INFO ] 2024-03-04 10:04:46.253 Utility.Log:13-Broken link found: /products/job-costing [Status Code: -1]
[INFO ] 2024-03-04 10:04:46.253 Utility.Log:13-Broken link found: /products/billpay [Status Code: -1]
[INFO ] 2024-03-04 10:04:46.253 Utility.Log:13-Broken link found: /products/utilities [Status Code: -1]
[INFO ] 2024-03-04 10:04:46.253 Utility.Log:13-Broken link found: /products/residentutility [Status Code: -1]
[INFO ] 2024-03-04 10:04:46.268 Utility.Log:13-Broken link found: /products/utility-expense-management [Status Code: -1]
[INFO ] 2024-03-04 10:04:46.270 Utility.Log:13-Broken link found: /products/utility-procurement [Status Code: -1]
[INFO ] 2024-03-04 10:04:46.270 Utility.Log:13-Broken link found: /products/sales-tax-audits [Status Code: -1]
[INFO ] 2024-03-04 10:04:46.277 Utility.Log:13-Broken link found: /products/sustainable-energy-management [Status Code: -1]
[INFO ] 2024-03-04 10:04:46.282 Utility.Log:13-Broken link found: /solutions-overview [Status Code: -1]
[INFO ] 2024-03-04 10:04:46.286 Utility.Log:13-Broken link found: /multifamily [Status Code: -1]
[INFO ] 2024-03-04 10:04:46.288 Utility.Log:13-Broken link found: /student [Status Code: -1]
[INFO ] 2024-03-04 10:04:46.288 Utility.Log:13-Broken link found: /affordable [Status Code: -1]
[INFO ] 2024-03-04 10:04:46.288 Utility.Log:13-Broken link found: /military [Status Code: -1]
[INFO ] 2024-03-04 10:04:46.288 Utility.Log:13-Broken link found: /commercial [Status Code: -1]
[INFO ] 2024-03-04 10:04:46.303 Utility.Log:13-Broken link found: /products/resident-services [Status Code: -1]
[INFO ] 2024-03-04 10:04:46.305 Utility.Log:13-Broken link found: /resources [Status Code: -1]
[INFO ] 2024-03-04 10:04:46.305 Utility.Log:13-Broken link found: /resources [Status Code: -1]
[INFO ] 2024-03-04 10:04:46.314 Utility.Log:13-Broken link found: /resources [Status Code: -1]
[INFO ] 2024-03-04 10:04:46.318 Utility.Log:13-Broken link found: /resources [Status Code: -1]
[INFO ] 2024-03-04 10:04:46.318 Utility.Log:13-Broken link found: /blog/ [Status Code: -1]
[INFO ] 2024-03-04 10:04:46.944 Utility.Log:13-*****Link is working fine: https://basecamp.entrata.com
[INFO ] 2024-03-04 10:04:48.115 Utility.Log:13-*****Link is working fine: https://go.entrata.com/watch-demo.html
[INFO ] 2024-03-04 10:04:48.115 Utility.Log:13-Broken link found: /sign-in [Status Code: -1]
[INFO ] 2024-03-04 10:04:49.262 Utility.Log:13-*****Link is working fine: https://go.entrata.com/watch-demo.html
[INFO ] 2024-03-04 10:04:50.352 Utility.Log:13-*****Link is working fine: https://go.entrata.com/watch-demo.html
[INFO ] 2024-03-04 10:04:50.364 Utility.Log:13-Broken link found: /products/property-management [Status Code: -1]
[INFO ] 2024-03-04 10:04:50.369 Utility.Log:13-Broken link found: /products/marketing-and-leasing [Status Code: -1]
[INFO ] 2024-03-04 10:04:50.374 Utility.Log:13-Broken link found: /products/accounting [Status Code: -1]
[INFO ] 2024-03-04 10:04:50.377 Utility.Log:13-Broken link found: /products/utilities [Status Code: -1]
[INFO ] 2024-03-04 10:04:51.536 Utility.Log:13-*****Link is working fine: https://go.entrata.com/forrester-tei-study
[INFO ] 2024-03-04 10:04:52.660 Utility.Log:13-*****Link is working fine: https://ai.entrata.com
[INFO ] 2024-03-04 10:04:52.667 Utility.Log:13-Broken link found: /products/resident-services [Status Code: -1]
[INFO ] 2024-03-04 10:04:55.034 Utility.Log:13-*****Link is working fine: https://go.entrata.com/watchdemo
[INFO ] 2024-03-04 10:04:55.044 Utility.Log:13-Broken link found: /solutions-overview [Status Code: -1]
[INFO ] 2024-03-04 10:04:55.049 Utility.Log:13-Broken link found: /operating-system [Status Code: -1]
[INFO ] 2024-03-04 10:04:56.226 Utility.Log:13-*****Link is working fine: https://go.entrata.com/schedule-demo.html
[INFO ] 2024-03-04 10:04:56.231 Utility.Log:13-Broken link found: /products/property-management [Status Code: -1]
[INFO ] 2024-03-04 10:04:56.231 Utility.Log:13-Broken link found: /products/residentpay [Status Code: -1]
[INFO ] 2024-03-04 10:04:56.241 Utility.Log:13-Broken link found: /products/residentportal [Status Code: -1]
[INFO ] 2024-03-04 10:04:56.247 Utility.Log:13-Broken link found: /products/BI [Status Code: -1]
[INFO ] 2024-03-04 10:04:56.249 Utility.Log:13-Broken link found: /products/revenue-management  [Status Code: -1]
[INFO ] 2024-03-04 10:04:56.253 Utility.Log:13-Broken link found: /products/srm [Status Code: -1]
[INFO ] 2024-03-04 10:04:56.257 Utility.Log:13-Broken link found: /products/access-connect [Status Code: -1]
[INFO ] 2024-03-04 10:04:56.257 Utility.Log:13-Broken link found: /products/message-center [Status Code: -1]
[INFO ] 2024-03-04 10:04:56.264 Utility.Log:13-Broken link found: /products/facility-management [Status Code: -1]
[INFO ] 2024-03-04 10:04:56.264 Utility.Log:13-Broken link found: /products/reporting [Status Code: -1]
[INFO ] 2024-03-04 10:04:56.268 Utility.Log:13-Broken link found: /products/sitetablet [Status Code: -1]
[INFO ] 2024-03-04 10:04:56.271 Utility.Log:13-Broken link found: /products/marketing-and-leasing [Status Code: -1]
[INFO ] 2024-03-04 10:04:56.276 Utility.Log:13-Broken link found: /products/prospectportal [Status Code: -1]
[INFO ] 2024-03-04 10:04:56.280 Utility.Log:13-Broken link found: /products/leadmanager [Status Code: -1]
[INFO ] 2024-03-04 10:04:56.282 Utility.Log:13-Broken link found: /products/digital-marketing [Status Code: -1]
[INFO ] 2024-03-04 10:04:56.284 Utility.Log:13-Broken link found: /products/marketing-strategy [Status Code: -1]
[INFO ] 2024-03-04 10:04:56.290 Utility.Log:13-Broken link found: /products/reputationadvisor [Status Code: -1]
[INFO ] 2024-03-04 10:04:56.293 Utility.Log:13-Broken link found: /products/resident-services [Status Code: -1]
[INFO ] 2024-03-04 10:04:56.294 Utility.Log:13-Broken link found: /products/renters-insurance [Status Code: -1]
[INFO ] 2024-03-04 10:04:56.294 Utility.Log:13-Broken link found: /products/deposit-alternative [Status Code: -1]
[INFO ] 2024-03-04 10:04:56.302 Utility.Log:13-Broken link found: /products/residentverify [Status Code: -1]
[INFO ] 2024-03-04 10:04:56.302 Utility.Log:13-Broken link found: /products/preciseID [Status Code: -1]
[INFO ] 2024-03-04 10:04:56.310 Utility.Log:13-Broken link found: /products/verification-of-income [Status Code: -1]
[INFO ] 2024-03-04 10:04:56.314 Utility.Log:13-Broken link found: /products/leasing-center [Status Code: -1]
[INFO ] 2024-03-04 10:04:56.314 Utility.Log:13-Broken link found: /products/accounting [Status Code: -1]
[INFO ] 2024-03-04 10:04:56.314 Utility.Log:13-Broken link found: /products/general-accounting [Status Code: -1]
[INFO ] 2024-03-04 10:04:56.323 Utility.Log:13-Broken link found: /products/budgeting [Status Code: -1]
[INFO ] 2024-03-04 10:04:56.327 Utility.Log:13-Broken link found: /products/job-costing [Status Code: -1]
[INFO ] 2024-03-04 10:04:56.328 Utility.Log:13-Broken link found: /products/billpay [Status Code: -1]
[INFO ] 2024-03-04 10:04:56.328 Utility.Log:13-Broken link found: /products/utilities [Status Code: -1]
[INFO ] 2024-03-04 10:04:56.336 Utility.Log:13-Broken link found: /products/residentutility [Status Code: -1]
[INFO ] 2024-03-04 10:04:56.340 Utility.Log:13-Broken link found: /products/utility-expense-management [Status Code: -1]
[INFO ] 2024-03-04 10:04:56.342 Utility.Log:13-Broken link found: /products/utility-procurement [Status Code: -1]
[INFO ] 2024-03-04 10:04:56.342 Utility.Log:13-Broken link found: /products/sales-tax-audits [Status Code: -1]
[INFO ] 2024-03-04 10:04:56.350 Utility.Log:13-Broken link found: /products/sustainable-energy-management [Status Code: -1]
[INFO ] 2024-03-04 10:04:56.350 Utility.Log:13-Broken link found: /solutions-overview [Status Code: -1]
[INFO ] 2024-03-04 10:04:56.357 Utility.Log:13-Broken link found: /multifamily [Status Code: -1]
[INFO ] 2024-03-04 10:04:56.357 Utility.Log:13-Broken link found: /student [Status Code: -1]
[INFO ] 2024-03-04 10:04:56.357 Utility.Log:13-Broken link found: /affordable [Status Code: -1]
[INFO ] 2024-03-04 10:04:56.357 Utility.Log:13-Broken link found: /military [Status Code: -1]
[INFO ] 2024-03-04 10:04:56.369 Utility.Log:13-Broken link found: /commercial [Status Code: -1]
[INFO ] 2024-03-04 10:04:56.371 Utility.Log:13-Broken link found: /operating-system [Status Code: -1]
[INFO ] 2024-03-04 10:04:56.989 Utility.Log:13-*****Link is working fine: https://ai.entrata.com/
[INFO ] 2024-03-04 10:04:56.993 Utility.Log:13-Broken link found: /training [Status Code: -1]
[INFO ] 2024-03-04 10:04:56.993 Utility.Log:13-Broken link found: /products/business-consulting [Status Code: -1]
[INFO ] 2024-03-04 10:04:57.860 Utility.Log:13-*****Link is working fine: https://basecamp.entrata.com
[INFO ] 2024-03-04 10:04:57.860 Utility.Log:13-Broken link found: /resources [Status Code: -1]
[INFO ] 2024-03-04 10:04:57.860 Utility.Log:13-Broken link found: /blog [Status Code: -1]
[INFO ] 2024-03-04 10:04:57.875 Utility.Log:13-Broken link found: /careers [Status Code: -1]
[INFO ] 2024-03-04 10:04:57.879 Utility.Log:13-Broken link found: /integrations [Status Code: -1]
[INFO ] 2024-03-04 10:04:57.879 Utility.Log:13-Broken link found: /legal [Status Code: -1]
[INFO ] 2024-03-04 10:05:00.710 Utility.Log:13-*****Link is working fine: https://docs.entrata.com/api/v1/documentation
[INFO ] 2024-03-04 10:05:02.855 Utility.Log:13-*****Link is working fine: https://docs.entrata.com/theme-gallery
[INFO ] 2024-03-04 10:05:04.629 Utility.Log:13-*****Link is working fine: https://www.facebook.com/ENTRATAsoftware
[INFO ] 2024-03-04 10:05:06.520 Utility.Log:13-*****Link is working fine: https://www.instagram.com/entratasoftware
[INFO ] 2024-03-04 10:05:07.830 Utility.Log:13-Broken link found: https://twitter.com/entratasoftware [Status Code: 403]
[INFO ] 2024-03-04 10:05:08.933 Utility.Log:13-Broken link found: http://www.linkedin.com/company/entratasoftware [Status Code: 999]
[INFO ] 2024-03-04 10:05:10.184 Utility.Log:13-*****Link is working fine: https://www.youtube.com/entrata
[INFO ] 2024-03-04 10:05:10.200 Utility.Log:13-Broken link found: /terms-of-use [Status Code: -1]
[INFO ] 2024-03-04 10:05:10.204 Utility.Log:13-Broken link found: /privacy-policy [Status Code: -1]
[INFO ] 2024-03-04 10:05:10.204 Utility.Log:13-Broken link found: /accessibility-statement [Status Code: -1]
[INFO ] 2024-03-04 10:05:12.490 Utility.Log:13-Broken link found: https://residentportal.com [Status Code: 405]
[INFO ] 2024-03-04 10:05:12.490 Utility.Log:13-no of Active link is ==17  No of broken link is ==166
]]></system-out>
  </testcase>
  <testcase name="verifyAllTheLinkInProduct" classname="Tests.HomePageTest" time="7.345">
    <system-out><![CDATA[[INFO ] 2024-03-04 10:05:19.669 Utility.Log:13-Mouse hovering towards product
[INFO ] 2024-03-04 10:05:19.669 Utility.Log:13-****************Now Verify all the active and broken links in Product tab ***********
[INFO ] 2024-03-04 10:05:19.689 Utility.Log:13-Broken link found: /products/property-management [Status Code: -1]
[INFO ] 2024-03-04 10:05:19.692 Utility.Log:13-Broken link found: /products/residentpay [Status Code: -1]
[INFO ] 2024-03-04 10:05:19.699 Utility.Log:13-Broken link found: /products/residentportal [Status Code: -1]
[INFO ] 2024-03-04 10:05:19.699 Utility.Log:13-Broken link found: /products/BI [Status Code: -1]
[INFO ] 2024-03-04 10:05:19.705 Utility.Log:13-Broken link found: /products/revenue-management [Status Code: -1]
[INFO ] 2024-03-04 10:05:19.711 Utility.Log:13-Broken link found: /products/srm [Status Code: -1]
[INFO ] 2024-03-04 10:05:19.712 Utility.Log:13-Broken link found: /products/access-connect [Status Code: -1]
[INFO ] 2024-03-04 10:05:19.719 Utility.Log:13-Broken link found: /products/message-center [Status Code: -1]
[INFO ] 2024-03-04 10:05:19.719 Utility.Log:13-Broken link found: /products/facility-management [Status Code: -1]
[INFO ] 2024-03-04 10:05:19.727 Utility.Log:13-Broken link found: /products/reporting [Status Code: -1]
[INFO ] 2024-03-04 10:05:19.727 Utility.Log:13-Broken link found: /products/sitetablet [Status Code: -1]
[INFO ] 2024-03-04 10:05:19.734 Utility.Log:13-Broken link found: /products/business-consulting [Status Code: -1]
[INFO ] 2024-03-04 10:05:19.734 Utility.Log:13-Broken link found: /training [Status Code: -1]
[INFO ] 2024-03-04 10:05:19.740 Utility.Log:13-Broken link found: /products/marketing-and-leasing [Status Code: -1]
[INFO ] 2024-03-04 10:05:19.745 Utility.Log:13-Broken link found: /products/prospectportal [Status Code: -1]
[INFO ] 2024-03-04 10:05:19.746 Utility.Log:13-Broken link found: /products/rent-reporting [Status Code: -1]
[INFO ] 2024-03-04 10:05:19.752 Utility.Log:13-Broken link found: /products/renters-insurance [Status Code: -1]
[INFO ] 2024-03-04 10:05:19.754 Utility.Log:13-Broken link found: /products/leadmanager [Status Code: -1]
[INFO ] 2024-03-04 10:05:19.759 Utility.Log:13-Broken link found: /products/digital-marketing [Status Code: -1]
[INFO ] 2024-03-04 10:05:19.761 Utility.Log:13-Broken link found: /products/marketing-strategy [Status Code: -1]
[INFO ] 2024-03-04 10:05:19.766 Utility.Log:13-Broken link found: /products/reputationadvisor [Status Code: -1]
[INFO ] 2024-03-04 10:05:19.766 Utility.Log:13-Broken link found: /products/resident-services [Status Code: -1]
[INFO ] 2024-03-04 10:05:19.774 Utility.Log:13-Broken link found: /products/deposit-alternative [Status Code: -1]
[INFO ] 2024-03-04 10:05:19.774 Utility.Log:13-Broken link found: /products/residentverify [Status Code: -1]
[INFO ] 2024-03-04 10:05:19.780 Utility.Log:13-Broken link found: /products/preciseID [Status Code: -1]
[INFO ] 2024-03-04 10:05:19.788 Utility.Log:13-Broken link found: /products/verification-of-income [Status Code: -1]
[INFO ] 2024-03-04 10:05:19.789 Utility.Log:13-Broken link found: /products/leasing-center [Status Code: -1]
[INFO ] 2024-03-04 10:05:19.797 Utility.Log:13-Broken link found: /products/accounting [Status Code: -1]
[INFO ] 2024-03-04 10:05:19.797 Utility.Log:13-Broken link found: /products/general-accounting [Status Code: -1]
[INFO ] 2024-03-04 10:05:19.802 Utility.Log:13-Broken link found: /products/budgeting [Status Code: -1]
[INFO ] 2024-03-04 10:05:19.807 Utility.Log:13-Broken link found: /products/job-costing [Status Code: -1]
[INFO ] 2024-03-04 10:05:19.809 Utility.Log:13-Broken link found: /products/billpay [Status Code: -1]
[INFO ] 2024-03-04 10:05:19.814 Utility.Log:13-Broken link found: /products/utilities [Status Code: -1]
[INFO ] 2024-03-04 10:05:19.815 Utility.Log:13-Broken link found: /products/residentutility [Status Code: -1]
[INFO ] 2024-03-04 10:05:19.822 Utility.Log:13-Broken link found: /products/utility-expense-management [Status Code: -1]
[INFO ] 2024-03-04 10:05:19.824 Utility.Log:13-Broken link found: /products/utility-procurement [Status Code: -1]
[INFO ] 2024-03-04 10:05:19.829 Utility.Log:13-Broken link found: /products/sales-tax-audits [Status Code: -1]
[INFO ] 2024-03-04 10:05:19.829 Utility.Log:13-Broken link found: /products/sustainable-energy-management [Status Code: -1]
[INFO ] 2024-03-04 10:05:19.829 Utility.Log:13-no of Active link is ==0  No of broken link is ==38
]]></system-out>
  </testcase>
  <testcase name="E2ETestForFillForm" classname="Tests.DemoFormTest" time="60.952">
    <system-out><![CDATA[[INFO ] 2024-03-04 10:06:09.257 Utility.Log:13-The current page url is https://go.entrata.com/watch-demo.html
[INFO ] 2024-03-04 10:06:09.257 Utility.Log:13-Verify for DemoPage Url
[INFO ] 2024-03-04 10:06:09.328 Utility.Log:13-Click On First Name textox and Enter Name is :Vaishali
[INFO ] 2024-03-04 10:06:09.398 Utility.Log:13-Click on Last Name textbox And Name is :Shivankar
[INFO ] 2024-03-04 10:06:09.511 Utility.Log:13-Click on  Email textbox And email is :abc@gmail.com
[INFO ] 2024-03-04 10:06:09.572 Utility.Log:13-Click on Companyname textbox and name is : entrata
[INFO ] 2024-03-04 10:06:09.628 Utility.Log:13-Click on phoneNumber textbox and Number is : 0888555888
[INFO ] 2024-03-04 10:06:09.683 Utility.Log:13-Click on Unit count tab
[INFO ] 2024-03-04 10:06:10.188 Utility.Log:13-Size of elemet is :6
[INFO ] 2024-03-04 10:06:11.225 Utility.Log:13-
[INFO ] 2024-03-04 10:06:11.746 Utility.Log:13-1 - 10
[INFO ] 2024-03-04 10:06:12.261 Utility.Log:13-11 - 100
[INFO ] 2024-03-04 10:06:12.775 Utility.Log:13-101 - 200
[INFO ] 2024-03-04 10:06:13.304 Utility.Log:13-201 - 2000
[INFO ] 2024-03-04 10:06:13.823 Utility.Log:13-2001+
[INFO ] 2024-03-04 10:06:14.337 Utility.Log:13-Size of elemet is :6
[INFO ] 2024-03-04 10:06:16.947 Utility.Log:13-Selected element is :101 - 200
[INFO ] 2024-03-04 10:06:17.032 Utility.Log:13-Click on Job Titel textbox and Titel is : Software Quality Analyst
[INFO ] 2024-03-04 10:06:20.108 Utility.Log:13-Click on I am Tab
[INFO ] 2024-03-04 10:06:20.620 Utility.Log:13-Size of elemet is :3
[INFO ] 2024-03-04 10:06:21.654 Utility.Log:13-
[INFO ] 2024-03-04 10:06:22.170 Utility.Log:13-an Owner/Operator or Property Manager
[INFO ] 2024-03-04 10:06:22.688 Utility.Log:13-a Resident
[INFO ] 2024-03-04 10:06:23.212 Utility.Log:13-Size of elemet is :3
[INFO ] 2024-03-04 10:06:24.780 Utility.Log:13-Selected element is :an Owner/Operator or Property Manager
]]></system-out>
  </testcase>
  <testcase name="VerifylinkEntrata" classname="Tests.DemoFormTest" time="1.089">
    <system-out><![CDATA[[INFO ] 2024-03-04 10:06:26.877 Utility.Log:13-Url of Home page is :https://go.entrata.com/watch-demo.html
[INFO ] 2024-03-04 10:06:26.884 Utility.Log:13-Verify for Url
]]></system-out>
    <system-err><![CDATA[org.openqa.selenium.ElementClickInterceptedException: element click intercepted: Element is not clickable at point (166, -436)
  (Session info: chrome=122.0.6261.95)
Build info: version: '4.18.1', revision: 'b1d3319b48'
System info: os.name: 'Windows 11', os.arch: 'amd64', os.version: '10.0', java.version: '17.0.8.1'
Driver info: org.openqa.selenium.chrome.ChromeDriver
Command: [73f773434b7853f081b5d9177f5181bd, clickElement {id=f.46917BD0246DFB147FA1DF603B03FFF6.d.4D25F559DF05174465841D1DAFC45A21.e.305}]
Capabilities {acceptInsecureCerts: false, browserName: chrome, browserVersion: 122.0.6261.95, chrome: {chromedriverVersion: 122.0.6261.94 (880dbf29479c..., userDataDir: C:\Users\shiva\AppData\Loca...}, fedcm:accounts: true, goog:chromeOptions: {debuggerAddress: localhost:64991}, networkConnectionEnabled: false, pageLoadStrategy: normal, platformName: windows, proxy: Proxy(), se:cdp: ws://localhost:64991/devtoo..., se:cdpVersion: 122.0.6261.95, setWindowRect: true, strictFileInteractability: false, timeouts: {implicit: 0, pageLoad: 300000, script: 30000}, unhandledPromptBehavior: dismiss and notify, webauthn:extension:credBlob: true, webauthn:extension:largeBlob: true, webauthn:extension:minPinLength: true, webauthn:extension:prf: true, webauthn:virtualAuthenticators: true}
Element: [[ChromeDriver: chrome on windows (73f773434b7853f081b5d9177f5181bd)] -> xpath: //div[@id='mkto_gen_asdfdfd9']//a]
Session ID: 73f773434b7853f081b5d9177f5181bd
	at java.base/jdk.internal.reflect.NativeConstructorAccessorImpl.newInstance0(Native Method)
	at java.base/jdk.internal.reflect.NativeConstructorAccessorImpl.newInstance(NativeConstructorAccessorImpl.java:77)
	at java.base/jdk.internal.reflect.DelegatingConstructorAccessorImpl.newInstance(DelegatingConstructorAccessorImpl.java:45)
	at java.base/java.lang.reflect.Constructor.newInstanceWithCaller(Constructor.java:499)
	at java.base/java.lang.reflect.Constructor.newInstance(Constructor.java:480)
	at org.openqa.selenium.remote.ErrorCodec.decode(ErrorCodec.java:167)
	at org.openqa.selenium.remote.codec.w3c.W3CHttpResponseCodec.decode(W3CHttpResponseCodec.java:138)
	at org.openqa.selenium.remote.codec.w3c.W3CHttpResponseCodec.decode(W3CHttpResponseCodec.java:50)
	at org.openqa.selenium.remote.HttpCommandExecutor.execute(HttpCommandExecutor.java:190)
	at org.openqa.selenium.remote.service.DriverCommandExecutor.invokeExecute(DriverCommandExecutor.java:216)
	at org.openqa.selenium.remote.service.DriverCommandExecutor.execute(DriverCommandExecutor.java:174)
	at org.openqa.selenium.remote.RemoteWebDriver.execute(RemoteWebDriver.java:519)
	at org.openqa.selenium.remote.RemoteWebElement.execute(RemoteWebElement.java:223)
	at org.openqa.selenium.remote.RemoteWebElement.click(RemoteWebElement.java:76)
	at java.base/jdk.internal.reflect.NativeMethodAccessorImpl.invoke0(Native Method)
	at java.base/jdk.internal.reflect.NativeMethodAccessorImpl.invoke(NativeMethodAccessorImpl.java:77)
	at java.base/jdk.internal.reflect.DelegatingMethodAccessorImpl.invoke(DelegatingMethodAccessorImpl.java:43)
	at java.base/java.lang.reflect.Method.invoke(Method.java:568)
	at org.openqa.selenium.support.pagefactory.internal.LocatingElementHandler.invoke(LocatingElementHandler.java:51)
	at jdk.proxy2/jdk.proxy2.$Proxy11.click(Unknown Source)
	at Pages.DemoFormPage.clickOnentrataLink(DemoFormPage.java:68)
	at Tests.DemoFormTest.VerifylinkEntrata(DemoFormTest.java:42)
	at java.base/jdk.internal.reflect.NativeMethodAccessorImpl.invoke0(Native Method)
	at java.base/jdk.internal.reflect.NativeMethodAccessorImpl.invoke(NativeMethodAccessorImpl.java:77)
	at java.base/jdk.internal.reflect.DelegatingMethodAccessorImpl.invoke(DelegatingMethodAccessorImpl.java:43)
	at java.base/java.lang.reflect.Method.invoke(Method.java:568)
	at org.testng.internal.invokers.MethodInvocationHelper.invokeMethod(MethodInvocationHelper.java:139)
	at org.testng.internal.invokers.TestInvoker.invokeMethod(TestInvoker.java:664)
	at org.testng.internal.invokers.TestInvoker.invokeTestMethod(TestInvoker.java:228)
	at org.testng.internal.invokers.MethodRunner.runInSequence(MethodRunner.java:63)
	at org.testng.internal.invokers.TestInvoker$MethodInvocationAgent.invoke(TestInvoker.java:961)
	at org.testng.internal.invokers.TestInvoker.invokeTestMethods(TestInvoker.java:201)
	at org.testng.internal.invokers.TestMethodWorker.invokeTestMethods(TestMethodWorker.java:148)
	at org.testng.internal.invokers.TestMethodWorker.run(TestMethodWorker.java:128)
	at java.base/java.util.ArrayList.forEach(ArrayList.java:1511)
	at org.testng.TestRunner.privateRun(TestRunner.java:819)
	at org.testng.TestRunner.run(TestRunner.java:619)
	at org.testng.SuiteRunner.runTest(SuiteRunner.java:443)
	at org.testng.SuiteRunner.runSequentially(SuiteRunner.java:437)
	at org.testng.SuiteRunner.privateRun(SuiteRunner.java:397)
	at org.testng.SuiteRunner.run(SuiteRunner.java:336)
	at org.testng.SuiteRunnerWorker.runSuite(SuiteRunnerWorker.java:52)
	at org.testng.SuiteRunnerWorker.run(SuiteRunnerWorker.java:95)
	at org.testng.TestNG.runSuitesSequentially(TestNG.java:1301)
	at org.testng.TestNG.runSuitesLocally(TestNG.java:1228)
	at org.testng.TestNG.runSuites(TestNG.java:1134)
	at org.testng.TestNG.run(TestNG.java:1101)
	at org.apache.maven.surefire.testng.TestNGExecutor.run(TestNGExecutor.java:308)
	at org.apache.maven.surefire.testng.TestNGXmlTestSuite.execute(TestNGXmlTestSuite.java:71)
	at org.apache.maven.surefire.testng.TestNGProvider.invoke(TestNGProvider.java:113)
	at org.apache.maven.surefire.booter.ForkedBooter.runSuitesInProcess(ForkedBooter.java:385)
	at org.apache.maven.surefire.booter.ForkedBooter.execute(ForkedBooter.java:162)
	at org.apache.maven.surefire.booter.ForkedBooter.run(ForkedBooter.java:507)
	at org.apache.maven.surefire.booter.ForkedBooter.main(ForkedBooter.java:495)
]]></system-err>
  </testcase>
</testsuite>