<?xml version="1.0" encoding="UTF-8"?>
<testng-results ignored="0" total="5" passed="5" failed="0" skipped="0">
  <reporter-output>
  </reporter-output>
  <suite started-at="2024-03-04T10:04:41 IST" name="Suite" finished-at="2024-03-04T10:06:26 IST" duration-ms="105525">
    <groups>
    </groups>
    <test started-at="2024-03-04T10:04:41 IST" name="Demo Form Page" finished-at="2024-03-04T10:06:26 IST" duration-ms="105525">
      <class name="Tests.DemoFormTest">
        <test-method signature="E2ETestForFillForm()[pri:1, instance:Tests.DemoFormTest@13fd2ccd]" started-at="2024-03-04T10:05:24 IST" name="E2ETestForFillForm" finished-at="2024-03-04T10:06:25 IST" duration-ms="60951" status="PASS">
          <reporter-output>
          </reporter-output>
        </test-method> <!-- E2ETestForFillForm -->
        <test-method is-config="true" signature="driverinitilization()[pri:0, instance:Tests.DemoFormTest@13fd2ccd]" started-at="2024-03-04T10:05:24 IST" name="driverinitilization" finished-at="2024-03-04T10:05:24 IST" duration-ms="0" status="PASS">
          <reporter-output>
          </reporter-output>
        </test-method> <!-- driverinitilization -->
        <test-method signature="VerifylinkEntrata()[pri:2, instance:Tests.DemoFormTest@13fd2ccd]" started-at="2024-03-04T10:06:25 IST" name="VerifylinkEntrata" finished-at="2024-03-04T10:06:26 IST" duration-ms="1086" status="PASS">
          <reporter-output>
          </reporter-output>
        </test-method> <!-- VerifylinkEntrata -->
      </class> <!-- Tests.DemoFormTest -->
      <class name="Tests.HomePageTest">
        <test-method is-config="true" signature="launchbrowser()[pri:0, instance:Tests.HomePageTest@4c1909a3]" started-at="2024-03-04T10:02:20 IST" name="launchbrowser" finished-at="2024-03-04T10:04:41 IST" duration-ms="141192" status="PASS">
          <reporter-output>
          </reporter-output>
        </test-method> <!-- launchbrowser -->
        <test-method is-config="true" signature="driverinitilization()[pri:0, instance:Tests.HomePageTest@4c1909a3]" started-at="2024-03-04T10:04:41 IST" name="driverinitilization" finished-at="2024-03-04T10:04:41 IST" duration-ms="16" status="PASS">
          <reporter-output>
          </reporter-output>
        </test-method> <!-- driverinitilization -->
        <test-method signature="verifyPageUrl()[pri:1, instance:Tests.HomePageTest@4c1909a3]" started-at="2024-03-04T10:04:41 IST" name="verifyPageUrl" finished-at="2024-03-04T10:04:42 IST" duration-ms="624" status="PASS">
          <reporter-output>
          </reporter-output>
        </test-method> <!-- verifyPageUrl -->
        <test-method signature="verifyAllThePageLinks()[pri:2, instance:Tests.HomePageTest@4c1909a3]" started-at="2024-03-04T10:04:42 IST" name="verifyAllThePageLinks" finished-at="2024-03-04T10:05:17 IST" duration-ms="35425" status="PASS">
          <reporter-output>
          </reporter-output>
        </test-method> <!-- verifyAllThePageLinks -->
        <test-method signature="verifyAllTheLinkInProduct()[pri:3, instance:Tests.HomePageTest@4c1909a3]" started-at="2024-03-04T10:05:17 IST" name="verifyAllTheLinkInProduct" finished-at="2024-03-04T10:05:24 IST" duration-ms="7345" status="PASS">
          <reporter-output>
          </reporter-output>
        </test-method> <!-- verifyAllTheLinkInProduct -->
        <test-method is-config="true" signature="tear()[pri:0, instance:Tests.HomePageTest@4c1909a3]" started-at="2024-03-04T10:06:26 IST" name="tear" finished-at="2024-03-04T10:06:26 IST" duration-ms="60" status="PASS">
          <reporter-output>
          </reporter-output>
        </test-method> <!-- tear -->
      </class> <!-- Tests.HomePageTest -->
    </test> <!-- Demo Form Page -->
  </suite> <!-- Suite -->
</testng-results>
