<?xml version="1.0" encoding="UTF-8"?>
<!-- Generated by org.testng.reporters.JUnitXMLReporter -->
<testsuite ignored="2" hostname="GuddiShivankar" failures="0" tests="5" name="Demo Form Page" time="105.525" errors="0" timestamp="2024-03-04T10:06:27 IST">
  <testcase classname="Tests.HomePageTest" name="verifyPageUrl" time="0.624"/>
  <testcase classname="Tests.HomePageTest" name="verifyAllThePageLinks" time="35.425"/>
  <testcase classname="Tests.HomePageTest" name="verifyAllTheLinkInProduct" time="7.345"/>
  <testcase classname="Tests.DemoFormTest" name="E2ETestForFillForm" time="60.951"/>
  <testcase classname="Tests.DemoFormTest" name="VerifylinkEntrata" time="1.086"/>
  <testcase classname="Tests.BaseTest" name="@BeforeSuite launchbrowser" time="0.0">
    <ignored/>
  </testcase> <!-- @BeforeSuite launchbrowser -->
  <testcase classname="Tests.BaseTest" name="@AfterTest tear" time="0.0">
    <ignored/>
  </testcase> <!-- @AfterTest tear -->
</testsuite> <!-- Demo Form Page -->
